<?xml version="1.0" encoding="UTF-8"?>
<testng-results ignored="0" total="1" passed="1" failed="0" skipped="0">
  <reporter-output>
  </reporter-output>
  <suite started-at="2024-04-30T12:48:56 IST" name="Default suite" finished-at="2024-04-30T12:49:50 IST" duration-ms="53816">
    <groups>
    </groups>
    <test started-at="2024-04-30T12:48:56 IST" name="Default test" finished-at="2024-04-30T12:49:50 IST" duration-ms="53816">
      <class name="scripts.UserTest">
        <test-method is-config="true" signature="startServer()[pri:0, instance:scripts.UserTest@15a34df2]" started-at="2024-04-30T12:48:56 IST" name="startServer" finished-at="2024-04-30T12:48:56 IST" duration-ms="128" status="PASS">
          <reporter-output>
          </reporter-output>
        </test-method> <!-- startServer -->
        <test-method is-config="true" signature="launchApp()[pri:0, instance:scripts.UserTest@15a34df2]" started-at="2024-04-30T12:48:56 IST" name="launchApp" finished-at="2024-04-30T12:49:03 IST" duration-ms="7350" status="PASS">
          <reporter-output>
          </reporter-output>
        </test-method> <!-- launchApp -->
        <test-method signature="test()[pri:0, instance:scripts.UserTest@15a34df2]" started-at="2024-04-30T12:49:03 IST" name="test" finished-at="2024-04-30T12:49:50 IST" duration-ms="46409" status="PASS">
          <reporter-output>
          </reporter-output>
        </test-method> <!-- test -->
        <test-method is-config="true" signature="stopServer()[pri:0, instance:scripts.UserTest@15a34df2]" started-at="2024-04-30T12:49:50 IST" name="stopServer" finished-at="2024-04-30T12:49:50 IST" duration-ms="58" status="PASS">
          <reporter-output>
          </reporter-output>
        </test-method> <!-- stopServer -->
      </class> <!-- scripts.UserTest -->
    </test> <!-- Default test -->
  </suite> <!-- Default suite -->
</testng-results>
